{"/Users/maiasasson/work/study-node/src/controllers/deleteData.ts": {"path":"/Users/maiasasson/work/study-node/src/controllers/deleteData.ts","statementMap":{"0":{"start":{"line":2,"column":0},"end":{"line":2,"column":59}},"1":{"start":{"line":4,"column":36},"end":{"line":20,"column":1}},"2":{"start":{"line":8,"column":13},"end":{"line":8,"column":25}},"3":{"start":{"line":9,"column":2},"end":{"line":19,"column":null}},"4":{"start":{"line":10,"column":4},"end":{"line":10,"column":30}},"5":{"start":{"line":12,"column":4},"end":{"line":14,"column":7}},"6":{"start":{"line":16,"column":4},"end":{"line":17,"column":55}},"7":{"start":{"line":17,"column":6},"end":{"line":17,"column":55}},"8":{"start":{"line":18,"column":4},"end":{"line":18,"column":77}},"9":{"start":{"line":4,"column":13},"end":{"line":4,"column":36}}},"fnMap":{"0":{"name":"(anonymous_0)","decl":{"start":{"line":4,"column":36},"end":{"line":4,"column":null}},"loc":{"start":{"line":7,"column":10},"end":{"line":20,"column":1}}}},"branchMap":{"0":{"loc":{"start":{"line":16,"column":4},"end":{"line":17,"column":55}},"type":"if","locations":[{"start":{"line":16,"column":4},"end":{"line":17,"column":55}}]}},"s":{"0":1,"1":1,"2":3,"3":3,"4":3,"5":1,"6":2,"7":1,"8":2,"9":1},"f":{"0":3},"b":{"0":[1]}}
,"/Users/maiasasson/work/study-node/src/controllers/putData.ts": {"path":"/Users/maiasasson/work/study-node/src/controllers/putData.ts","statementMap":{"0":{"start":{"line":2,"column":0},"end":{"line":2,"column":59}},"1":{"start":{"line":5,"column":33},"end":{"line":23,"column":1}},"2":{"start":{"line":9,"column":33},"end":{"line":9,"column":41}},"3":{"start":{"line":10,"column":2},"end":{"line":22,"column":null}},"4":{"start":{"line":11,"column":19},"end":{"line":11,"column":60}},"5":{"start":{"line":13,"column":4},"end":{"line":16,"column":7}},"6":{"start":{"line":18,"column":4},"end":{"line":19,"column":65}},"7":{"start":{"line":19,"column":6},"end":{"line":19,"column":65}},"8":{"start":{"line":21,"column":4},"end":{"line":21,"column":77}},"9":{"start":{"line":5,"column":13},"end":{"line":5,"column":33}}},"fnMap":{"0":{"name":"(anonymous_0)","decl":{"start":{"line":5,"column":33},"end":{"line":5,"column":null}},"loc":{"start":{"line":8,"column":10},"end":{"line":23,"column":1}}}},"branchMap":{"0":{"loc":{"start":{"line":18,"column":4},"end":{"line":19,"column":65}},"type":"if","locations":[{"start":{"line":18,"column":4},"end":{"line":19,"column":65}}]}},"s":{"0":1,"1":1,"2":3,"3":3,"4":3,"5":1,"6":2,"7":1,"8":2,"9":1},"f":{"0":3},"b":{"0":[1]}}
,"/Users/maiasasson/work/study-node/src/db/index.ts": {"path":"/Users/maiasasson/work/study-node/src/db/index.ts","statementMap":{"0":{"start":{"line":3,"column":13},"end":{"line":3,"column":56}}},"fnMap":{},"branchMap":{},"s":{"0":2},"f":{},"b":{}}
,"/Users/maiasasson/work/study-node/src/services/accessStorage.ts": {"path":"/Users/maiasasson/work/study-node/src/services/accessStorage.ts","statementMap":{"0":{"start":{"line":1,"column":0},"end":{"line":1,"column":36}},"1":{"start":{"line":4,"column":27},"end":{"line":28,"column":1}},"2":{"start":{"line":5,"column":23},"end":{"line":5,"column":24}},"3":{"start":{"line":6,"column":28},"end":{"line":6,"column":39}},"4":{"start":{"line":7,"column":2},"end":{"line":27,"column":4}},"5":{"start":{"line":9,"column":6},"end":{"line":9,"column":50}},"6":{"start":{"line":9,"column":14},"end":{"line":9,"column":50}},"7":{"start":{"line":11,"column":6},"end":{"line":11,"column":33}},"8":{"start":{"line":14,"column":36},"end":{"line":14,"column":65}},"9":{"start":{"line":15,"column":6},"end":{"line":15,"column":50}},"10":{"start":{"line":16,"column":6},"end":{"line":18,"column":null}},"11":{"start":{"line":17,"column":8},"end":{"line":17,"column":49}},"12":{"start":{"line":19,"column":6},"end":{"line":19,"column":50}},"13":{"start":{"line":22,"column":6},"end":{"line":24,"column":null}},"14":{"start":{"line":23,"column":8},"end":{"line":23,"column":49}},"15":{"start":{"line":25,"column":6},"end":{"line":25,"column":37}},"16":{"start":{"line":4,"column":13},"end":{"line":4,"column":27}},"17":{"start":{"line":30,"column":23},"end":{"line":30,"column":36}},"18":{"start":{"line":32,"column":9},"end":{"line":32,"column":23}}},"fnMap":{"0":{"name":"(anonymous_0)","decl":{"start":{"line":4,"column":27},"end":{"line":4,"column":30}},"loc":{"start":{"line":4,"column":32},"end":{"line":28,"column":1}}},"1":{"name":"(anonymous_1)","decl":{"start":{"line":8,"column":10},"end":{"line":8,"column":11}},"loc":{"start":{"line":8,"column":26},"end":{"line":12,"column":5}}},"2":{"name":"(anonymous_2)","decl":{"start":{"line":13,"column":11},"end":{"line":13,"column":12}},"loc":{"start":{"line":13,"column":42},"end":{"line":20,"column":5}}},"3":{"name":"(anonymous_3)","decl":{"start":{"line":21,"column":12},"end":{"line":21,"column":13}},"loc":{"start":{"line":21,"column":27},"end":{"line":26,"column":5}}}},"branchMap":{"0":{"loc":{"start":{"line":9,"column":6},"end":{"line":9,"column":50}},"type":"if","locations":[{"start":{"line":9,"column":6},"end":{"line":9,"column":50}}]},"1":{"loc":{"start":{"line":9,"column":22},"end":{"line":9,"column":48}},"type":"cond-expr","locations":[{"start":{"line":9,"column":42},"end":{"line":9,"column":45}},{"start":{"line":9,"column":42},"end":{"line":9,"column":48}}]},"2":{"loc":{"start":{"line":9,"column":22},"end":{"line":9,"column":45}},"type":"binary-expr","locations":[{"start":{"line":9,"column":22},"end":{"line":9,"column":45}},{"start":{"line":9,"column":42},"end":{"line":9,"column":45}}]},"3":{"loc":{"start":{"line":9,"column":22},"end":{"line":9,"column":42}},"type":"cond-expr","locations":[{"start":{"line":9,"column":33},"end":{"line":9,"column":35}},{"start":{"line":9,"column":22},"end":{"line":9,"column":42}}]},"4":{"loc":{"start":{"line":9,"column":22},"end":{"line":9,"column":35}},"type":"binary-expr","locations":[{"start":{"line":9,"column":22},"end":{"line":9,"column":35}},{"start":{"line":9,"column":22},"end":{"line":9,"column":35}}]},"5":{"loc":{"start":{"line":14,"column":36},"end":{"line":14,"column":65}},"type":"cond-expr","locations":[{"start":{"line":14,"column":36},"end":{"line":14,"column":38}},{"start":{"line":14,"column":42},"end":{"line":14,"column":65}}]},"6":{"loc":{"start":{"line":14,"column":36},"end":{"line":14,"column":42}},"type":"binary-expr","locations":[{"start":{"line":14,"column":36},"end":{"line":14,"column":42}},{"start":{"line":14,"column":36},"end":{"line":14,"column":42}}]},"7":{"loc":{"start":{"line":16,"column":6},"end":{"line":18,"column":null}},"type":"if","locations":[{"start":{"line":16,"column":6},"end":{"line":18,"column":null}}]},"8":{"loc":{"start":{"line":16,"column":10},"end":{"line":16,"column":45}},"type":"binary-expr","locations":[{"start":{"line":16,"column":10},"end":{"line":16,"column":12}},{"start":{"line":16,"column":16},"end":{"line":16,"column":45}}]},"9":{"loc":{"start":{"line":16,"column":17},"end":{"line":16,"column":43}},"type":"cond-expr","locations":[{"start":{"line":16,"column":37},"end":{"line":16,"column":40}},{"start":{"line":16,"column":37},"end":{"line":16,"column":43}}]},"10":{"loc":{"start":{"line":16,"column":17},"end":{"line":16,"column":40}},"type":"binary-expr","locations":[{"start":{"line":16,"column":17},"end":{"line":16,"column":40}},{"start":{"line":16,"column":37},"end":{"line":16,"column":40}}]},"11":{"loc":{"start":{"line":16,"column":17},"end":{"line":16,"column":37}},"type":"cond-expr","locations":[{"start":{"line":16,"column":28},"end":{"line":16,"column":30}},{"start":{"line":16,"column":17},"end":{"line":16,"column":37}}]},"12":{"loc":{"start":{"line":16,"column":17},"end":{"line":16,"column":30}},"type":"binary-expr","locations":[{"start":{"line":16,"column":17},"end":{"line":16,"column":30}},{"start":{"line":16,"column":17},"end":{"line":16,"column":30}}]},"13":{"loc":{"start":{"line":22,"column":6},"end":{"line":24,"column":null}},"type":"if","locations":[{"start":{"line":22,"column":6},"end":{"line":24,"column":null}}]},"14":{"loc":{"start":{"line":22,"column":11},"end":{"line":22,"column":37}},"type":"cond-expr","locations":[{"start":{"line":22,"column":31},"end":{"line":22,"column":34}},{"start":{"line":22,"column":31},"end":{"line":22,"column":37}}]},"15":{"loc":{"start":{"line":22,"column":11},"end":{"line":22,"column":34}},"type":"binary-expr","locations":[{"start":{"line":22,"column":11},"end":{"line":22,"column":34}},{"start":{"line":22,"column":31},"end":{"line":22,"column":34}}]},"16":{"loc":{"start":{"line":22,"column":11},"end":{"line":22,"column":31}},"type":"cond-expr","locations":[{"start":{"line":22,"column":22},"end":{"line":22,"column":24}},{"start":{"line":22,"column":11},"end":{"line":22,"column":31}}]},"17":{"loc":{"start":{"line":22,"column":11},"end":{"line":22,"column":24}},"type":"binary-expr","locations":[{"start":{"line":22,"column":11},"end":{"line":22,"column":24}},{"start":{"line":22,"column":11},"end":{"line":22,"column":24}}]}},"s":{"0":2,"1":2,"2":2,"3":2,"4":2,"5":0,"6":0,"7":0,"8":0,"9":0,"10":0,"11":0,"12":0,"13":0,"14":0,"15":0,"16":2,"17":2,"18":2},"f":{"0":2,"1":0,"2":0,"3":0},"b":{"0":[0],"1":[0,0],"2":[0,0],"3":[0,0],"4":[0,0],"5":[0,0],"6":[0,0],"7":[0],"8":[0,0],"9":[0,0],"10":[0,0],"11":[0,0],"12":[0,0],"13":[0],"14":[0,0],"15":[0,0],"16":[0,0],"17":[0,0]}}
}
