TN:
SF:src/controllers/deleteData.ts
FN:4,(anonymous_0)
FNF:1
FNH:1
FNDA:3,(anonymous_0)
DA:2,1
DA:4,1
DA:8,3
DA:9,3
DA:10,3
DA:12,1
DA:16,2
DA:17,1
DA:18,2
LF:9
LH:9
BRDA:16,0,0,1
BRF:1
BRH:1
end_of_record
TN:
SF:src/controllers/putData.ts
FN:5,(anonymous_0)
FNF:1
FNH:1
FNDA:3,(anonymous_0)
DA:2,1
DA:5,1
DA:9,3
DA:10,3
DA:11,3
DA:13,1
DA:18,2
DA:19,1
DA:21,2
LF:9
LH:9
BRDA:18,0,0,1
BRF:1
BRH:1
end_of_record
TN:
SF:src/db/index.ts
FNF:0
FNH:0
DA:3,2
LF:1
LH:1
BRF:0
BRH:0
end_of_record
TN:
SF:src/services/accessStorage.ts
FN:4,(anonymous_0)
FN:8,(anonymous_1)
FN:13,(anonymous_2)
FN:21,(anonymous_3)
FNF:4
FNH:1
FNDA:2,(anonymous_0)
FNDA:0,(anonymous_1)
FNDA:0,(anonymous_2)
FNDA:0,(anonymous_3)
DA:1,2
DA:4,2
DA:5,2
DA:6,2
DA:7,2
DA:9,0
DA:11,0
DA:14,0
DA:15,0
DA:16,0
DA:17,0
DA:19,0
DA:22,0
DA:23,0
DA:25,0
DA:30,2
DA:32,2
LF:17
LH:7
BRDA:9,0,0,0
BRDA:9,1,0,0
BRDA:9,1,1,0
BRDA:9,2,0,0
BRDA:9,2,1,0
BRDA:9,3,0,0
BRDA:9,3,1,0
BRDA:9,4,0,0
BRDA:9,4,1,0
BRDA:14,5,0,0
BRDA:14,5,1,0
BRDA:14,6,0,0
BRDA:14,6,1,0
BRDA:16,7,0,0
BRDA:16,8,0,0
BRDA:16,8,1,0
BRDA:16,9,0,0
BRDA:16,9,1,0
BRDA:16,10,0,0
BRDA:16,10,1,0
BRDA:16,11,0,0
BRDA:16,11,1,0
BRDA:16,12,0,0
BRDA:16,12,1,0
BRDA:22,13,0,0
BRDA:22,14,0,0
BRDA:22,14,1,0
BRDA:22,15,0,0
BRDA:22,15,1,0
BRDA:22,16,0,0
BRDA:22,16,1,0
BRDA:22,17,0,0
BRDA:22,17,1,0
BRF:33
BRH:0
end_of_record
